Performing C SOURCE FILE Test CMAKE_HAVE_LIBC_PTHREAD failed with the following output:
Change Dir: /home/lucas/jjl/code/ETH_WBL/eth-rio/build/catkin_tools_prebuild/CMakeFiles/CMakeTmp

Run Build Command(s):/usr/bin/make cmTC_3e966/fast && /usr/bin/make  -f CMakeFiles/cmTC_3e966.dir/build.make CMakeFiles/cmTC_3e966.dir/build
make[1]: 进入目录“/home/lucas/jjl/code/ETH_WBL/eth-rio/build/catkin_tools_prebuild/CMakeFiles/CMakeTmp”
Building C object CMakeFiles/cmTC_3e966.dir/src.c.o
/usr/bin/cc   -DCMAKE_HAVE_LIBC_PTHREAD   -o CMakeFiles/cmTC_3e966.dir/src.c.o   -c /home/lucas/jjl/code/ETH_WBL/eth-rio/build/catkin_tools_prebuild/CMakeFiles/CMakeTmp/src.c
Linking C executable cmTC_3e966
/opt/cmake-3.16/bin/cmake -E cmake_link_script CMakeFiles/cmTC_3e966.dir/link.txt --verbose=1
/usr/bin/cc  -DCMAKE_HAVE_LIBC_PTHREAD    CMakeFiles/cmTC_3e966.dir/src.c.o  -o cmTC_3e966 
/usr/bin/ld: CMakeFiles/cmTC_3e966.dir/src.c.o: in function `main':
src.c:(.text+0x46): undefined reference to `pthread_create'
/usr/bin/ld: src.c:(.text+0x52): undefined reference to `pthread_detach'
/usr/bin/ld: src.c:(.text+0x63): undefined reference to `pthread_join'
collect2: error: ld returned 1 exit status
make[1]: *** [CMakeFiles/cmTC_3e966.dir/build.make:90：cmTC_3e966] 错误 1
make[1]: 离开目录“/home/lucas/jjl/code/ETH_WBL/eth-rio/build/catkin_tools_prebuild/CMakeFiles/CMakeTmp”
make: *** [Makefile:124：cmTC_3e966/fast] 错误 2


Source file was:
#include <pthread.h>

void* test_func(void* data)
{
  return data;
}

int main(void)
{
  pthread_t thread;
  pthread_create(&thread, NULL, test_func, NULL);
  pthread_detach(thread);
  pthread_join(thread, NULL);
  pthread_atfork(NULL, NULL, NULL);
  pthread_exit(NULL);

  return 0;
}

Determining if the function pthread_create exists in the pthreads failed with the following output:
Change Dir: /home/lucas/jjl/code/ETH_WBL/eth-rio/build/catkin_tools_prebuild/CMakeFiles/CMakeTmp

Run Build Command(s):/usr/bin/make cmTC_1ba75/fast && /usr/bin/make  -f CMakeFiles/cmTC_1ba75.dir/build.make CMakeFiles/cmTC_1ba75.dir/build
make[1]: 进入目录“/home/lucas/jjl/code/ETH_WBL/eth-rio/build/catkin_tools_prebuild/CMakeFiles/CMakeTmp”
Building C object CMakeFiles/cmTC_1ba75.dir/CheckFunctionExists.c.o
/usr/bin/cc   -DCHECK_FUNCTION_EXISTS=pthread_create   -o CMakeFiles/cmTC_1ba75.dir/CheckFunctionExists.c.o   -c /opt/cmake-3.16/share/cmake-3.16/Modules/CheckFunctionExists.c
Linking C executable cmTC_1ba75
/opt/cmake-3.16/bin/cmake -E cmake_link_script CMakeFiles/cmTC_1ba75.dir/link.txt --verbose=1
/usr/bin/cc  -DCHECK_FUNCTION_EXISTS=pthread_create    CMakeFiles/cmTC_1ba75.dir/CheckFunctionExists.c.o  -o cmTC_1ba75  -lpthreads 
/usr/bin/ld: 找不到 -lpthreads
collect2: error: ld returned 1 exit status
make[1]: *** [CMakeFiles/cmTC_1ba75.dir/build.make:90：cmTC_1ba75] 错误 1
make[1]: 离开目录“/home/lucas/jjl/code/ETH_WBL/eth-rio/build/catkin_tools_prebuild/CMakeFiles/CMakeTmp”
make: *** [Makefile:124：cmTC_1ba75/fast] 错误 2



